mode: set
github.com/erp-system/fm-service/internal/api/handlers/account_handler.go:16.107,21.2 1 1
github.com/erp-system/fm-service/internal/api/handlers/account_handler.go:23.54,25.16 2 1
github.com/erp-system/fm-service/internal/api/handlers/account_handler.go:25.16,28.3 2 0
github.com/erp-system/fm-service/internal/api/handlers/account_handler.go:29.2,29.44 1 1
github.com/erp-system/fm-service/internal/api/handlers/account_handler.go:32.56,40.47 2 1
github.com/erp-system/fm-service/internal/api/handlers/account_handler.go:40.47,43.3 2 0
github.com/erp-system/fm-service/internal/api/handlers/account_handler.go:45.2,46.16 2 1
github.com/erp-system/fm-service/internal/api/handlers/account_handler.go:46.16,49.3 2 1
github.com/erp-system/fm-service/internal/api/handlers/account_handler.go:51.2,51.48 1 1
github.com/erp-system/fm-service/internal/api/handlers/account_handler.go:54.53,57.16 3 1
github.com/erp-system/fm-service/internal/api/handlers/account_handler.go:57.16,60.3 2 1
github.com/erp-system/fm-service/internal/api/handlers/account_handler.go:61.2,61.43 1 1
github.com/erp-system/fm-service/internal/api/handlers/account_handler.go:64.56,72.47 3 1
github.com/erp-system/fm-service/internal/api/handlers/account_handler.go:72.47,75.3 2 1
github.com/erp-system/fm-service/internal/api/handlers/account_handler.go:77.2,78.16 2 1
github.com/erp-system/fm-service/internal/api/handlers/account_handler.go:78.16,81.3 2 0
github.com/erp-system/fm-service/internal/api/handlers/account_handler.go:83.2,83.43 1 1
github.com/erp-system/fm-service/internal/api/handlers/account_handler.go:86.56,89.16 3 1
github.com/erp-system/fm-service/internal/api/handlers/account_handler.go:89.16,92.3 2 0
github.com/erp-system/fm-service/internal/api/handlers/account_handler.go:93.2,93.60 1 1
github.com/erp-system/fm-service/internal/api/handlers/account_handler.go:96.60,99.16 3 1
github.com/erp-system/fm-service/internal/api/handlers/account_handler.go:99.16,102.3 2 1
github.com/erp-system/fm-service/internal/api/handlers/account_handler.go:103.2,103.50 1 1
github.com/erp-system/fm-service/internal/api/handlers/asset_handler.go:17.102,22.2 1 1
github.com/erp-system/fm-service/internal/api/handlers/asset_handler.go:24.56,33.47 2 1
github.com/erp-system/fm-service/internal/api/handlers/asset_handler.go:33.47,36.3 2 1
github.com/erp-system/fm-service/internal/api/handlers/asset_handler.go:38.2,39.16 2 1
github.com/erp-system/fm-service/internal/api/handlers/asset_handler.go:39.16,42.3 2 1
github.com/erp-system/fm-service/internal/api/handlers/asset_handler.go:44.2,45.16 2 1
github.com/erp-system/fm-service/internal/api/handlers/asset_handler.go:45.16,48.3 2 1
github.com/erp-system/fm-service/internal/api/handlers/asset_handler.go:50.2,50.50 1 1
github.com/erp-system/fm-service/internal/api/handlers/asset_handler.go:53.69,56.16 3 1
github.com/erp-system/fm-service/internal/api/handlers/asset_handler.go:56.16,59.3 2 1
github.com/erp-system/fm-service/internal/api/handlers/asset_handler.go:60.2,60.48 1 1
github.com/erp-system/fm-service/internal/api/handlers/asset_handler.go:63.64,70.47 2 1
github.com/erp-system/fm-service/internal/api/handlers/asset_handler.go:70.47,73.3 2 1
github.com/erp-system/fm-service/internal/api/handlers/asset_handler.go:75.2,76.16 2 1
github.com/erp-system/fm-service/internal/api/handlers/asset_handler.go:76.16,79.3 2 0
github.com/erp-system/fm-service/internal/api/handlers/asset_handler.go:81.2,81.77 1 1
github.com/erp-system/fm-service/internal/api/handlers/asset_handler.go:84.49,87.16 3 1
github.com/erp-system/fm-service/internal/api/handlers/asset_handler.go:87.16,90.3 2 1
github.com/erp-system/fm-service/internal/api/handlers/asset_handler.go:91.2,91.45 1 1
github.com/erp-system/fm-service/internal/api/handlers/asset_handler.go:94.50,96.16 2 1
github.com/erp-system/fm-service/internal/api/handlers/asset_handler.go:96.16,99.3 2 0
github.com/erp-system/fm-service/internal/api/handlers/asset_handler.go:100.2,100.44 1 1
github.com/erp-system/fm-service/internal/api/handlers/invoice_handler.go:18.112,23.2 1 1
github.com/erp-system/fm-service/internal/api/handlers/invoice_handler.go:25.54,27.16 2 1
github.com/erp-system/fm-service/internal/api/handlers/invoice_handler.go:27.16,30.3 2 0
github.com/erp-system/fm-service/internal/api/handlers/invoice_handler.go:31.2,31.48 1 1
github.com/erp-system/fm-service/internal/api/handlers/invoice_handler.go:34.56,44.47 2 1
github.com/erp-system/fm-service/internal/api/handlers/invoice_handler.go:44.47,47.3 2 1
github.com/erp-system/fm-service/internal/api/handlers/invoice_handler.go:49.2,50.16 2 1
github.com/erp-system/fm-service/internal/api/handlers/invoice_handler.go:50.16,52.3 1 0
github.com/erp-system/fm-service/internal/api/handlers/invoice_handler.go:53.2,54.16 2 1
github.com/erp-system/fm-service/internal/api/handlers/invoice_handler.go:54.16,56.3 1 0
github.com/erp-system/fm-service/internal/api/handlers/invoice_handler.go:58.2,59.16 2 1
github.com/erp-system/fm-service/internal/api/handlers/invoice_handler.go:59.16,62.3 2 0
github.com/erp-system/fm-service/internal/api/handlers/invoice_handler.go:64.2,64.52 1 1
github.com/erp-system/fm-service/internal/api/handlers/invoice_handler.go:67.53,70.16 3 1
github.com/erp-system/fm-service/internal/api/handlers/invoice_handler.go:70.16,73.3 2 1
github.com/erp-system/fm-service/internal/api/handlers/invoice_handler.go:74.2,76.4 1 1
github.com/erp-system/fm-service/internal/api/handlers/invoice_handler.go:79.56,82.47 3 1
github.com/erp-system/fm-service/internal/api/handlers/invoice_handler.go:82.47,85.3 2 1
github.com/erp-system/fm-service/internal/api/handlers/invoice_handler.go:87.2,88.16 2 1
github.com/erp-system/fm-service/internal/api/handlers/invoice_handler.go:88.16,91.3 2 1
github.com/erp-system/fm-service/internal/api/handlers/invoice_handler.go:93.2,93.47 1 1
github.com/erp-system/fm-service/internal/api/handlers/invoice_handler.go:96.56,99.16 3 1
github.com/erp-system/fm-service/internal/api/handlers/invoice_handler.go:99.16,102.3 2 0
github.com/erp-system/fm-service/internal/api/handlers/invoice_handler.go:103.2,103.73 1 1
github.com/erp-system/fm-service/internal/api/handlers/invoice_handler.go:106.54,109.23 3 1
github.com/erp-system/fm-service/internal/api/handlers/invoice_handler.go:109.23,112.3 2 1
github.com/erp-system/fm-service/internal/api/handlers/invoice_handler.go:113.2,113.70 1 1
github.com/erp-system/fm-service/internal/api/handlers/invoice_handler.go:116.58,119.16 3 1
github.com/erp-system/fm-service/internal/api/handlers/invoice_handler.go:119.16,122.3 2 1
github.com/erp-system/fm-service/internal/api/handlers/invoice_handler.go:123.2,125.4 1 1
github.com/erp-system/fm-service/internal/api/handlers/legal_entity_handler.go:16.113,21.2 1 1
github.com/erp-system/fm-service/internal/api/handlers/legal_entity_handler.go:23.64,31.47 2 1
github.com/erp-system/fm-service/internal/api/handlers/legal_entity_handler.go:31.47,34.3 2 1
github.com/erp-system/fm-service/internal/api/handlers/legal_entity_handler.go:36.2,37.16 2 1
github.com/erp-system/fm-service/internal/api/handlers/legal_entity_handler.go:37.16,40.3 2 1
github.com/erp-system/fm-service/internal/api/handlers/legal_entity_handler.go:42.2,42.47 1 1
github.com/erp-system/fm-service/internal/api/handlers/legal_entity_handler.go:45.61,48.16 3 1
github.com/erp-system/fm-service/internal/api/handlers/legal_entity_handler.go:48.16,51.3 2 1
github.com/erp-system/fm-service/internal/api/handlers/legal_entity_handler.go:52.2,52.42 1 1
github.com/erp-system/fm-service/internal/api/handlers/legal_entity_handler.go:55.63,57.16 2 1
github.com/erp-system/fm-service/internal/api/handlers/legal_entity_handler.go:57.16,60.3 2 0
github.com/erp-system/fm-service/internal/api/handlers/legal_entity_handler.go:61.2,61.44 1 1
github.com/erp-system/fm-service/internal/api/handlers/payment_handler.go:17.108,22.2 1 1
github.com/erp-system/fm-service/internal/api/handlers/payment_handler.go:24.54,26.16 2 1
github.com/erp-system/fm-service/internal/api/handlers/payment_handler.go:26.16,29.3 2 0
github.com/erp-system/fm-service/internal/api/handlers/payment_handler.go:30.2,30.48 1 1
github.com/erp-system/fm-service/internal/api/handlers/payment_handler.go:33.56,42.47 2 1
github.com/erp-system/fm-service/internal/api/handlers/payment_handler.go:42.47,45.3 2 1
github.com/erp-system/fm-service/internal/api/handlers/payment_handler.go:47.2,48.16 2 1
github.com/erp-system/fm-service/internal/api/handlers/payment_handler.go:48.16,51.3 2 1
github.com/erp-system/fm-service/internal/api/handlers/payment_handler.go:53.2,54.16 2 1
github.com/erp-system/fm-service/internal/api/handlers/payment_handler.go:54.16,57.3 2 1
github.com/erp-system/fm-service/internal/api/handlers/payment_handler.go:59.2,59.52 1 1
github.com/erp-system/fm-service/internal/api/handlers/payment_handler.go:62.53,65.16 3 1
github.com/erp-system/fm-service/internal/api/handlers/payment_handler.go:65.16,68.3 2 1
github.com/erp-system/fm-service/internal/api/handlers/payment_handler.go:69.2,69.47 1 1
github.com/erp-system/fm-service/internal/api/handlers/payment_handler.go:72.64,75.16 3 1
github.com/erp-system/fm-service/internal/api/handlers/payment_handler.go:75.16,78.3 2 1
github.com/erp-system/fm-service/internal/api/handlers/payment_handler.go:79.2,81.4 1 1
github.com/erp-system/fm-service/internal/api/handlers/report_handler.go:16.105,21.2 1 1
github.com/erp-system/fm-service/internal/api/handlers/report_handler.go:23.57,25.16 2 1
github.com/erp-system/fm-service/internal/api/handlers/report_handler.go:25.16,28.3 2 0
github.com/erp-system/fm-service/internal/api/handlers/report_handler.go:29.2,29.48 1 1
github.com/erp-system/fm-service/internal/api/handlers/report_handler.go:32.60,34.16 2 1
github.com/erp-system/fm-service/internal/api/handlers/report_handler.go:34.16,37.3 2 0
github.com/erp-system/fm-service/internal/api/handlers/report_handler.go:38.2,38.48 1 1
github.com/erp-system/fm-service/internal/api/handlers/report_handler.go:41.53,43.16 2 1
github.com/erp-system/fm-service/internal/api/handlers/report_handler.go:43.16,46.3 2 0
github.com/erp-system/fm-service/internal/api/handlers/report_handler.go:47.2,47.48 1 1
github.com/erp-system/fm-service/internal/api/handlers/transaction_handler.go:19.115,24.2 1 1
github.com/erp-system/fm-service/internal/api/handlers/transaction_handler.go:26.62,28.16 2 1
github.com/erp-system/fm-service/internal/api/handlers/transaction_handler.go:28.16,31.3 2 0
github.com/erp-system/fm-service/internal/api/handlers/transaction_handler.go:32.2,32.47 1 1
github.com/erp-system/fm-service/internal/api/handlers/transaction_handler.go:35.64,49.47 2 1
github.com/erp-system/fm-service/internal/api/handlers/transaction_handler.go:49.47,52.3 2 1
github.com/erp-system/fm-service/internal/api/handlers/transaction_handler.go:54.2,55.30 2 1
github.com/erp-system/fm-service/internal/api/handlers/transaction_handler.go:55.30,57.17 2 1
github.com/erp-system/fm-service/internal/api/handlers/transaction_handler.go:57.17,59.4 1 0
github.com/erp-system/fm-service/internal/api/handlers/transaction_handler.go:60.3,61.17 2 1
github.com/erp-system/fm-service/internal/api/handlers/transaction_handler.go:61.17,63.4 1 0
github.com/erp-system/fm-service/internal/api/handlers/transaction_handler.go:65.3,70.4 1 1
github.com/erp-system/fm-service/internal/api/handlers/transaction_handler.go:73.2,74.16 2 1
github.com/erp-system/fm-service/internal/api/handlers/transaction_handler.go:74.16,77.3 2 1
github.com/erp-system/fm-service/internal/api/handlers/transaction_handler.go:79.2,79.50 1 1
github.com/erp-system/fm-service/internal/api/handlers/transaction_handler.go:82.61,85.16 3 1
github.com/erp-system/fm-service/internal/api/handlers/transaction_handler.go:85.16,88.3 2 1
github.com/erp-system/fm-service/internal/api/handlers/transaction_handler.go:89.2,92.4 1 1
github.com/erp-system/fm-service/internal/api/handlers/transaction_handler.go:95.64,110.47 3 1
github.com/erp-system/fm-service/internal/api/handlers/transaction_handler.go:110.47,113.3 2 1
github.com/erp-system/fm-service/internal/api/handlers/transaction_handler.go:115.2,116.30 2 1
github.com/erp-system/fm-service/internal/api/handlers/transaction_handler.go:116.30,118.17 2 1
github.com/erp-system/fm-service/internal/api/handlers/transaction_handler.go:118.17,120.4 1 0
github.com/erp-system/fm-service/internal/api/handlers/transaction_handler.go:121.3,122.17 2 1
github.com/erp-system/fm-service/internal/api/handlers/transaction_handler.go:122.17,124.4 1 0
github.com/erp-system/fm-service/internal/api/handlers/transaction_handler.go:126.3,131.4 1 1
github.com/erp-system/fm-service/internal/api/handlers/transaction_handler.go:134.2,135.16 2 1
github.com/erp-system/fm-service/internal/api/handlers/transaction_handler.go:135.16,138.3 2 1
github.com/erp-system/fm-service/internal/api/handlers/transaction_handler.go:140.2,140.45 1 0
github.com/erp-system/fm-service/internal/api/handlers/transaction_handler.go:143.64,146.16 3 1
github.com/erp-system/fm-service/internal/api/handlers/transaction_handler.go:146.16,149.3 2 0
github.com/erp-system/fm-service/internal/api/handlers/transaction_handler.go:150.2,150.79 1 1
github.com/erp-system/fm-service/internal/api/handlers/vendor_bill_handler.go:18.115,23.2 1 1
github.com/erp-system/fm-service/internal/api/handlers/vendor_bill_handler.go:25.60,27.16 2 1
github.com/erp-system/fm-service/internal/api/handlers/vendor_bill_handler.go:27.16,30.3 2 0
github.com/erp-system/fm-service/internal/api/handlers/vendor_bill_handler.go:31.2,31.45 1 1
github.com/erp-system/fm-service/internal/api/handlers/vendor_bill_handler.go:34.62,45.47 2 1
github.com/erp-system/fm-service/internal/api/handlers/vendor_bill_handler.go:45.47,48.3 2 1
github.com/erp-system/fm-service/internal/api/handlers/vendor_bill_handler.go:50.2,51.16 2 1
github.com/erp-system/fm-service/internal/api/handlers/vendor_bill_handler.go:51.16,53.3 1 0
github.com/erp-system/fm-service/internal/api/handlers/vendor_bill_handler.go:54.2,55.16 2 1
github.com/erp-system/fm-service/internal/api/handlers/vendor_bill_handler.go:55.16,57.3 1 0
github.com/erp-system/fm-service/internal/api/handlers/vendor_bill_handler.go:59.2,69.16 2 1
github.com/erp-system/fm-service/internal/api/handlers/vendor_bill_handler.go:69.16,72.3 2 0
github.com/erp-system/fm-service/internal/api/handlers/vendor_bill_handler.go:74.2,74.49 1 1
github.com/erp-system/fm-service/internal/api/handlers/vendor_bill_handler.go:77.64,80.16 3 1
github.com/erp-system/fm-service/internal/api/handlers/vendor_bill_handler.go:80.16,83.3 2 1
github.com/erp-system/fm-service/internal/api/handlers/vendor_bill_handler.go:84.2,86.4 1 1
