mode: set
github.com/erp-system/crm-service/internal/data/kafka/consumer.go:45.18,70.2 3 1
github.com/erp-system/crm-service/internal/data/kafka/consumer.go:72.52,74.6 2 1
github.com/erp-system/crm-service/internal/data/kafka/consumer.go:74.6,75.10 1 1
github.com/erp-system/crm-service/internal/data/kafka/consumer.go:76.21,78.10 2 1
github.com/erp-system/crm-service/internal/data/kafka/consumer.go:79.11,81.18 2 1
github.com/erp-system/crm-service/internal/data/kafka/consumer.go:81.18,82.25 1 1
github.com/erp-system/crm-service/internal/data/kafka/consumer.go:82.25,84.6 1 1
github.com/erp-system/crm-service/internal/data/kafka/consumer.go:85.5,87.13 3 0
github.com/erp-system/crm-service/internal/data/kafka/consumer.go:90.4,91.69 2 0
github.com/erp-system/crm-service/internal/data/kafka/consumer.go:91.69,94.5 2 0
github.com/erp-system/crm-service/internal/data/kafka/consumer.go:99.110,109.78 3 1
github.com/erp-system/crm-service/internal/data/kafka/consumer.go:109.78,111.3 1 1
github.com/erp-system/crm-service/internal/data/kafka/consumer.go:111.8,113.3 1 1
github.com/erp-system/crm-service/internal/data/kafka/consumer.go:116.94,117.15 1 1
github.com/erp-system/crm-service/internal/data/kafka/consumer.go:118.41,120.52 2 1
github.com/erp-system/crm-service/internal/data/kafka/consumer.go:120.52,122.4 1 1
github.com/erp-system/crm-service/internal/data/kafka/consumer.go:123.3,125.17 3 1
github.com/erp-system/crm-service/internal/data/kafka/consumer.go:125.17,126.29 1 1
github.com/erp-system/crm-service/internal/data/kafka/consumer.go:126.29,127.28 1 1
github.com/erp-system/crm-service/internal/data/kafka/consumer.go:127.28,130.6 2 1
github.com/erp-system/crm-service/internal/data/kafka/consumer.go:133.3,133.13 1 1
github.com/erp-system/crm-service/internal/data/kafka/consumer.go:135.40,137.52 2 1
github.com/erp-system/crm-service/internal/data/kafka/consumer.go:137.52,139.4 1 1
github.com/erp-system/crm-service/internal/data/kafka/consumer.go:140.3,142.17 3 1
github.com/erp-system/crm-service/internal/data/kafka/consumer.go:142.17,145.4 2 0
github.com/erp-system/crm-service/internal/data/kafka/consumer.go:146.3,146.13 1 1
github.com/erp-system/crm-service/internal/data/kafka/consumer.go:148.37,150.52 2 1
github.com/erp-system/crm-service/internal/data/kafka/consumer.go:150.52,152.4 1 1
github.com/erp-system/crm-service/internal/data/kafka/consumer.go:153.3,154.13 2 1
github.com/erp-system/crm-service/internal/data/kafka/consumer.go:156.42,158.52 2 1
github.com/erp-system/crm-service/internal/data/kafka/consumer.go:158.52,160.4 1 1
github.com/erp-system/crm-service/internal/data/kafka/consumer.go:161.3,162.36 2 1
github.com/erp-system/crm-service/internal/data/kafka/consumer.go:162.36,164.18 2 1
github.com/erp-system/crm-service/internal/data/kafka/consumer.go:164.18,165.30 1 1
github.com/erp-system/crm-service/internal/data/kafka/consumer.go:165.30,166.62 1 1
github.com/erp-system/crm-service/internal/data/kafka/consumer.go:166.62,169.7 2 1
github.com/erp-system/crm-service/internal/data/kafka/consumer.go:173.3,173.13 1 1
github.com/erp-system/crm-service/internal/data/kafka/consumer.go:175.42,177.52 2 1
github.com/erp-system/crm-service/internal/data/kafka/consumer.go:177.52,179.4 1 1
github.com/erp-system/crm-service/internal/data/kafka/consumer.go:180.3,181.13 2 1
github.com/erp-system/crm-service/internal/data/kafka/consumer.go:183.39,185.52 2 1
github.com/erp-system/crm-service/internal/data/kafka/consumer.go:185.52,187.4 1 1
github.com/erp-system/crm-service/internal/data/kafka/consumer.go:188.3,189.13 2 1
github.com/erp-system/crm-service/internal/data/kafka/consumer.go:191.41,193.52 2 1
github.com/erp-system/crm-service/internal/data/kafka/consumer.go:193.52,195.4 1 1
github.com/erp-system/crm-service/internal/data/kafka/consumer.go:196.3,198.13 3 1
github.com/erp-system/crm-service/internal/data/kafka/consumer.go:201.2,201.12 1 1
github.com/erp-system/crm-service/internal/data/kafka/consumer.go:204.39,206.2 1 1
