mode: set
github.com/erp-system/hr-service/internal/api/handlers/hr_handler.go:33.14,44.2 1 1
github.com/erp-system/hr-service/internal/api/handlers/hr_handler.go:50.54,58.47 2 1
github.com/erp-system/hr-service/internal/api/handlers/hr_handler.go:58.47,61.3 2 1
github.com/erp-system/hr-service/internal/api/handlers/hr_handler.go:63.2,63.18 1 1
github.com/erp-system/hr-service/internal/api/handlers/hr_handler.go:63.18,66.3 2 1
github.com/erp-system/hr-service/internal/api/handlers/hr_handler.go:68.2,78.69 2 1
github.com/erp-system/hr-service/internal/api/handlers/hr_handler.go:78.69,81.3 2 0
github.com/erp-system/hr-service/internal/api/handlers/hr_handler.go:83.2,83.34 1 1
github.com/erp-system/hr-service/internal/api/handlers/hr_handler.go:86.52,88.16 2 1
github.com/erp-system/hr-service/internal/api/handlers/hr_handler.go:88.16,91.3 2 0
github.com/erp-system/hr-service/internal/api/handlers/hr_handler.go:92.2,92.30 1 1
github.com/erp-system/hr-service/internal/api/handlers/hr_handler.go:95.51,98.16 3 1
github.com/erp-system/hr-service/internal/api/handlers/hr_handler.go:98.16,101.3 2 1
github.com/erp-system/hr-service/internal/api/handlers/hr_handler.go:102.2,102.29 1 1
github.com/erp-system/hr-service/internal/api/handlers/hr_handler.go:105.54,108.16 3 1
github.com/erp-system/hr-service/internal/api/handlers/hr_handler.go:108.16,111.3 2 1
github.com/erp-system/hr-service/internal/api/handlers/hr_handler.go:113.2,117.47 2 1
github.com/erp-system/hr-service/internal/api/handlers/hr_handler.go:117.47,120.3 2 1
github.com/erp-system/hr-service/internal/api/handlers/hr_handler.go:122.2,126.69 4 1
github.com/erp-system/hr-service/internal/api/handlers/hr_handler.go:126.69,129.3 2 0
github.com/erp-system/hr-service/internal/api/handlers/hr_handler.go:131.2,131.29 1 1
github.com/erp-system/hr-service/internal/api/handlers/hr_handler.go:138.50,151.47 2 1
github.com/erp-system/hr-service/internal/api/handlers/hr_handler.go:151.47,154.3 2 1
github.com/erp-system/hr-service/internal/api/handlers/hr_handler.go:156.2,169.16 3 1
github.com/erp-system/hr-service/internal/api/handlers/hr_handler.go:169.16,172.3 2 0
github.com/erp-system/hr-service/internal/api/handlers/hr_handler.go:174.2,174.33 1 1
github.com/erp-system/hr-service/internal/api/handlers/hr_handler.go:177.50,179.16 2 1
github.com/erp-system/hr-service/internal/api/handlers/hr_handler.go:179.16,182.3 2 0
github.com/erp-system/hr-service/internal/api/handlers/hr_handler.go:183.2,183.29 1 1
github.com/erp-system/hr-service/internal/api/handlers/hr_handler.go:186.49,189.16 3 1
github.com/erp-system/hr-service/internal/api/handlers/hr_handler.go:189.16,192.3 2 1
github.com/erp-system/hr-service/internal/api/handlers/hr_handler.go:193.2,193.28 1 1
github.com/erp-system/hr-service/internal/api/handlers/hr_handler.go:196.52,199.16 3 1
github.com/erp-system/hr-service/internal/api/handlers/hr_handler.go:199.16,202.3 2 1
github.com/erp-system/hr-service/internal/api/handlers/hr_handler.go:204.2,210.47 2 1
github.com/erp-system/hr-service/internal/api/handlers/hr_handler.go:210.47,213.3 2 1
github.com/erp-system/hr-service/internal/api/handlers/hr_handler.go:215.2,221.67 6 1
github.com/erp-system/hr-service/internal/api/handlers/hr_handler.go:221.67,224.3 2 0
github.com/erp-system/hr-service/internal/api/handlers/hr_handler.go:226.2,226.28 1 1
github.com/erp-system/hr-service/internal/api/handlers/hr_handler.go:229.55,234.47 3 1
github.com/erp-system/hr-service/internal/api/handlers/hr_handler.go:234.47,236.3 1 1
github.com/erp-system/hr-service/internal/api/handlers/hr_handler.go:238.2,239.16 2 1
github.com/erp-system/hr-service/internal/api/handlers/hr_handler.go:239.16,242.3 2 1
github.com/erp-system/hr-service/internal/api/handlers/hr_handler.go:244.2,244.28 1 1
github.com/erp-system/hr-service/internal/api/handlers/hr_handler.go:247.56,252.47 3 1
github.com/erp-system/hr-service/internal/api/handlers/hr_handler.go:252.47,255.3 2 1
github.com/erp-system/hr-service/internal/api/handlers/hr_handler.go:257.2,258.16 2 1
github.com/erp-system/hr-service/internal/api/handlers/hr_handler.go:258.16,261.3 2 0
github.com/erp-system/hr-service/internal/api/handlers/hr_handler.go:263.2,263.28 1 1
github.com/erp-system/hr-service/internal/api/handlers/hr_handler.go:266.56,269.16 3 1
github.com/erp-system/hr-service/internal/api/handlers/hr_handler.go:269.16,272.3 2 0
github.com/erp-system/hr-service/internal/api/handlers/hr_handler.go:273.2,273.30 1 1
github.com/erp-system/hr-service/internal/api/handlers/hr_handler.go:280.56,286.47 2 1
github.com/erp-system/hr-service/internal/api/handlers/hr_handler.go:286.47,289.3 2 1
github.com/erp-system/hr-service/internal/api/handlers/hr_handler.go:291.2,292.16 2 1
github.com/erp-system/hr-service/internal/api/handlers/hr_handler.go:292.16,295.3 2 0
github.com/erp-system/hr-service/internal/api/handlers/hr_handler.go:297.2,297.33 1 1
github.com/erp-system/hr-service/internal/api/handlers/hr_handler.go:300.64,303.16 3 1
github.com/erp-system/hr-service/internal/api/handlers/hr_handler.go:303.16,306.3 2 1
github.com/erp-system/hr-service/internal/api/handlers/hr_handler.go:307.2,307.28 1 1
github.com/erp-system/hr-service/internal/api/handlers/hr_handler.go:310.60,313.16 3 1
github.com/erp-system/hr-service/internal/api/handlers/hr_handler.go:313.16,316.3 2 1
github.com/erp-system/hr-service/internal/api/handlers/hr_handler.go:317.2,317.28 1 1
github.com/erp-system/hr-service/internal/api/handlers/hr_handler.go:320.52,322.16 2 1
github.com/erp-system/hr-service/internal/api/handlers/hr_handler.go:322.16,325.3 2 0
github.com/erp-system/hr-service/internal/api/handlers/hr_handler.go:326.2,326.29 1 1
github.com/erp-system/hr-service/internal/api/handlers/hr_handler.go:329.51,332.16 3 1
github.com/erp-system/hr-service/internal/api/handlers/hr_handler.go:332.16,335.3 2 1
github.com/erp-system/hr-service/internal/api/handlers/hr_handler.go:336.2,336.28 1 1
github.com/erp-system/hr-service/internal/api/handlers/hr_handler.go:343.56,352.47 2 1
github.com/erp-system/hr-service/internal/api/handlers/hr_handler.go:352.47,355.3 2 1
github.com/erp-system/hr-service/internal/api/handlers/hr_handler.go:357.2,366.16 2 1
github.com/erp-system/hr-service/internal/api/handlers/hr_handler.go:366.16,369.3 2 0
github.com/erp-system/hr-service/internal/api/handlers/hr_handler.go:371.2,371.35 1 1
github.com/erp-system/hr-service/internal/api/handlers/hr_handler.go:374.59,379.47 3 1
github.com/erp-system/hr-service/internal/api/handlers/hr_handler.go:379.47,382.3 2 1
github.com/erp-system/hr-service/internal/api/handlers/hr_handler.go:384.2,385.16 2 1
github.com/erp-system/hr-service/internal/api/handlers/hr_handler.go:385.16,388.3 2 0
github.com/erp-system/hr-service/internal/api/handlers/hr_handler.go:390.2,390.30 1 1
github.com/erp-system/hr-service/internal/api/handlers/hr_handler.go:393.46,396.16 3 1
github.com/erp-system/hr-service/internal/api/handlers/hr_handler.go:396.16,399.3 2 0
github.com/erp-system/hr-service/internal/api/handlers/hr_handler.go:400.2,400.48 1 1
github.com/erp-system/hr-service/internal/api/handlers/hr_handler.go:403.54,405.16 2 1
github.com/erp-system/hr-service/internal/api/handlers/hr_handler.go:405.16,408.3 2 0
github.com/erp-system/hr-service/internal/api/handlers/hr_handler.go:409.2,409.31 1 1
github.com/erp-system/hr-service/internal/api/handlers/hr_handler.go:412.53,415.16 3 1
github.com/erp-system/hr-service/internal/api/handlers/hr_handler.go:415.16,418.3 2 1
github.com/erp-system/hr-service/internal/api/handlers/hr_handler.go:419.2,419.30 1 1
github.com/erp-system/hr-service/internal/api/handlers/hr_handler.go:422.58,425.16 3 1
github.com/erp-system/hr-service/internal/api/handlers/hr_handler.go:425.16,428.3 2 0
github.com/erp-system/hr-service/internal/api/handlers/hr_handler.go:429.2,429.30 1 1
