mode: set
github.com/erp-system/scm-service/internal/api/handlers/demand_forecast_handler.go:18.122,23.2 1 1
github.com/erp-system/scm-service/internal/api/handlers/demand_forecast_handler.go:25.62,27.16 2 1
github.com/erp-system/scm-service/internal/api/handlers/demand_forecast_handler.go:27.16,30.3 2 1
github.com/erp-system/scm-service/internal/api/handlers/demand_forecast_handler.go:31.2,31.44 1 1
github.com/erp-system/scm-service/internal/api/handlers/demand_forecast_handler.go:34.64,43.47 2 1
github.com/erp-system/scm-service/internal/api/handlers/demand_forecast_handler.go:43.47,46.3 2 1
github.com/erp-system/scm-service/internal/api/handlers/demand_forecast_handler.go:48.2,49.16 2 1
github.com/erp-system/scm-service/internal/api/handlers/demand_forecast_handler.go:49.16,51.3 1 1
github.com/erp-system/scm-service/internal/api/handlers/demand_forecast_handler.go:53.2,54.16 2 1
github.com/erp-system/scm-service/internal/api/handlers/demand_forecast_handler.go:54.16,56.3 1 0
github.com/erp-system/scm-service/internal/api/handlers/demand_forecast_handler.go:58.2,59.16 2 1
github.com/erp-system/scm-service/internal/api/handlers/demand_forecast_handler.go:59.16,62.3 2 0
github.com/erp-system/scm-service/internal/api/handlers/demand_forecast_handler.go:64.2,64.47 1 1
github.com/erp-system/scm-service/internal/api/handlers/demand_forecast_handler.go:67.61,70.16 3 1
github.com/erp-system/scm-service/internal/api/handlers/demand_forecast_handler.go:70.16,73.3 2 1
github.com/erp-system/scm-service/internal/api/handlers/demand_forecast_handler.go:74.2,74.42 1 1
github.com/erp-system/scm-service/internal/api/handlers/demand_forecast_handler.go:77.64,86.47 3 1
github.com/erp-system/scm-service/internal/api/handlers/demand_forecast_handler.go:86.47,89.3 2 0
github.com/erp-system/scm-service/internal/api/handlers/demand_forecast_handler.go:91.2,92.16 2 1
github.com/erp-system/scm-service/internal/api/handlers/demand_forecast_handler.go:92.16,94.3 1 1
github.com/erp-system/scm-service/internal/api/handlers/demand_forecast_handler.go:96.2,97.16 2 1
github.com/erp-system/scm-service/internal/api/handlers/demand_forecast_handler.go:97.16,99.3 1 0
github.com/erp-system/scm-service/internal/api/handlers/demand_forecast_handler.go:101.2,102.16 2 1
github.com/erp-system/scm-service/internal/api/handlers/demand_forecast_handler.go:102.16,105.3 2 1
github.com/erp-system/scm-service/internal/api/handlers/demand_forecast_handler.go:107.2,107.42 1 1
github.com/erp-system/scm-service/internal/api/handlers/inventory_handler.go:18.107,23.2 1 1
github.com/erp-system/scm-service/internal/api/handlers/inventory_handler.go:25.62,27.16 2 1
github.com/erp-system/scm-service/internal/api/handlers/inventory_handler.go:27.16,30.3 2 1
github.com/erp-system/scm-service/internal/api/handlers/inventory_handler.go:31.2,31.44 1 1
github.com/erp-system/scm-service/internal/api/handlers/inventory_handler.go:34.64,44.47 2 1
github.com/erp-system/scm-service/internal/api/handlers/inventory_handler.go:44.47,47.3 2 1
github.com/erp-system/scm-service/internal/api/handlers/inventory_handler.go:49.2,50.16 2 1
github.com/erp-system/scm-service/internal/api/handlers/inventory_handler.go:50.16,52.3 1 0
github.com/erp-system/scm-service/internal/api/handlers/inventory_handler.go:54.2,55.16 2 1
github.com/erp-system/scm-service/internal/api/handlers/inventory_handler.go:55.16,58.3 2 0
github.com/erp-system/scm-service/internal/api/handlers/inventory_handler.go:60.2,60.47 1 1
github.com/erp-system/scm-service/internal/api/handlers/inventory_handler.go:63.61,66.16 3 1
github.com/erp-system/scm-service/internal/api/handlers/inventory_handler.go:66.16,69.3 2 1
github.com/erp-system/scm-service/internal/api/handlers/inventory_handler.go:70.2,70.42 1 1
github.com/erp-system/scm-service/internal/api/handlers/inventory_handler.go:73.64,83.47 3 1
github.com/erp-system/scm-service/internal/api/handlers/inventory_handler.go:83.47,86.3 2 0
github.com/erp-system/scm-service/internal/api/handlers/inventory_handler.go:88.2,89.16 2 1
github.com/erp-system/scm-service/internal/api/handlers/inventory_handler.go:89.16,91.3 1 1
github.com/erp-system/scm-service/internal/api/handlers/inventory_handler.go:93.2,94.25 2 1
github.com/erp-system/scm-service/internal/api/handlers/inventory_handler.go:94.25,96.38 2 1
github.com/erp-system/scm-service/internal/api/handlers/inventory_handler.go:96.38,97.9 1 1
github.com/erp-system/scm-service/internal/api/handlers/inventory_handler.go:100.2,100.16 1 1
github.com/erp-system/scm-service/internal/api/handlers/inventory_handler.go:100.16,103.3 2 1
github.com/erp-system/scm-service/internal/api/handlers/inventory_handler.go:105.2,105.42 1 1
github.com/erp-system/scm-service/internal/api/handlers/inventory_handler.go:108.64,115.2 2 1
github.com/erp-system/scm-service/internal/api/handlers/inventory_handler.go:117.57,125.47 2 1
github.com/erp-system/scm-service/internal/api/handlers/inventory_handler.go:125.47,128.3 2 0
github.com/erp-system/scm-service/internal/api/handlers/inventory_handler.go:130.2,131.25 2 1
github.com/erp-system/scm-service/internal/api/handlers/inventory_handler.go:131.25,133.38 2 1
github.com/erp-system/scm-service/internal/api/handlers/inventory_handler.go:133.38,134.9 1 1
github.com/erp-system/scm-service/internal/api/handlers/inventory_handler.go:137.2,137.16 1 1
github.com/erp-system/scm-service/internal/api/handlers/inventory_handler.go:137.16,140.3 2 0
github.com/erp-system/scm-service/internal/api/handlers/inventory_handler.go:142.2,142.72 1 1
github.com/erp-system/scm-service/internal/api/handlers/inventory_handler.go:145.63,150.47 2 1
github.com/erp-system/scm-service/internal/api/handlers/inventory_handler.go:150.47,153.3 2 0
github.com/erp-system/scm-service/internal/api/handlers/inventory_handler.go:155.2,156.25 2 1
github.com/erp-system/scm-service/internal/api/handlers/inventory_handler.go:156.25,158.38 2 1
github.com/erp-system/scm-service/internal/api/handlers/inventory_handler.go:158.38,159.9 1 1
github.com/erp-system/scm-service/internal/api/handlers/inventory_handler.go:162.2,162.16 1 1
github.com/erp-system/scm-service/internal/api/handlers/inventory_handler.go:162.16,165.3 2 0
github.com/erp-system/scm-service/internal/api/handlers/inventory_handler.go:167.2,167.84 1 1
github.com/erp-system/scm-service/internal/api/handlers/inventory_handler.go:170.64,178.47 2 1
github.com/erp-system/scm-service/internal/api/handlers/inventory_handler.go:178.47,181.3 2 0
github.com/erp-system/scm-service/internal/api/handlers/inventory_handler.go:183.2,185.25 3 1
github.com/erp-system/scm-service/internal/api/handlers/inventory_handler.go:185.25,187.38 2 1
github.com/erp-system/scm-service/internal/api/handlers/inventory_handler.go:187.38,188.9 1 1
github.com/erp-system/scm-service/internal/api/handlers/inventory_handler.go:191.2,191.16 1 1
github.com/erp-system/scm-service/internal/api/handlers/inventory_handler.go:191.16,194.3 2 0
github.com/erp-system/scm-service/internal/api/handlers/inventory_handler.go:196.2,196.47 1 1
github.com/erp-system/scm-service/internal/api/handlers/inventory_handler.go:199.61,202.16 3 1
github.com/erp-system/scm-service/internal/api/handlers/inventory_handler.go:202.16,205.3 2 0
github.com/erp-system/scm-service/internal/api/handlers/inventory_handler.go:207.2,207.42 1 1
github.com/erp-system/scm-service/internal/api/handlers/inventory_handler.go:210.62,212.16 2 1
github.com/erp-system/scm-service/internal/api/handlers/inventory_handler.go:212.16,215.3 2 1
github.com/erp-system/scm-service/internal/api/handlers/inventory_handler.go:217.2,217.44 1 1
github.com/erp-system/scm-service/internal/api/handlers/inventory_handler.go:220.65,224.25 4 1
github.com/erp-system/scm-service/internal/api/handlers/inventory_handler.go:224.25,226.38 2 1
github.com/erp-system/scm-service/internal/api/handlers/inventory_handler.go:226.38,227.9 1 1
github.com/erp-system/scm-service/internal/api/handlers/inventory_handler.go:230.2,230.16 1 1
github.com/erp-system/scm-service/internal/api/handlers/inventory_handler.go:230.16,233.3 2 0
github.com/erp-system/scm-service/internal/api/handlers/inventory_handler.go:235.2,235.42 1 1
github.com/erp-system/scm-service/internal/api/handlers/inventory_handler.go:238.66,240.16 2 1
github.com/erp-system/scm-service/internal/api/handlers/inventory_handler.go:240.16,243.3 2 1
github.com/erp-system/scm-service/internal/api/handlers/inventory_handler.go:244.2,244.44 1 1
github.com/erp-system/scm-service/internal/api/handlers/product_handler.go:17.111,22.2 1 1
github.com/erp-system/scm-service/internal/api/handlers/product_handler.go:24.54,26.16 2 1
github.com/erp-system/scm-service/internal/api/handlers/product_handler.go:26.16,29.3 2 1
github.com/erp-system/scm-service/internal/api/handlers/product_handler.go:30.2,30.44 1 1
github.com/erp-system/scm-service/internal/api/handlers/product_handler.go:33.56,45.47 2 1
github.com/erp-system/scm-service/internal/api/handlers/product_handler.go:45.47,48.3 2 1
github.com/erp-system/scm-service/internal/api/handlers/product_handler.go:50.2,51.16 2 1
github.com/erp-system/scm-service/internal/api/handlers/product_handler.go:51.16,53.3 1 0
github.com/erp-system/scm-service/internal/api/handlers/product_handler.go:54.2,55.16 2 1
github.com/erp-system/scm-service/internal/api/handlers/product_handler.go:55.16,57.3 1 0
github.com/erp-system/scm-service/internal/api/handlers/product_handler.go:59.2,60.16 2 1
github.com/erp-system/scm-service/internal/api/handlers/product_handler.go:60.16,63.3 2 0
github.com/erp-system/scm-service/internal/api/handlers/product_handler.go:65.2,65.46 1 1
github.com/erp-system/scm-service/internal/api/handlers/product_handler.go:68.53,71.16 3 1
github.com/erp-system/scm-service/internal/api/handlers/product_handler.go:71.16,74.3 2 1
github.com/erp-system/scm-service/internal/api/handlers/product_handler.go:75.2,75.41 1 1
github.com/erp-system/scm-service/internal/api/handlers/product_handler.go:78.56,92.47 3 1
github.com/erp-system/scm-service/internal/api/handlers/product_handler.go:92.47,95.3 2 0
github.com/erp-system/scm-service/internal/api/handlers/product_handler.go:97.2,98.16 2 1
github.com/erp-system/scm-service/internal/api/handlers/product_handler.go:98.16,100.3 1 1
github.com/erp-system/scm-service/internal/api/handlers/product_handler.go:101.2,102.16 2 1
github.com/erp-system/scm-service/internal/api/handlers/product_handler.go:102.16,104.3 1 1
github.com/erp-system/scm-service/internal/api/handlers/product_handler.go:106.2,107.16 2 1
github.com/erp-system/scm-service/internal/api/handlers/product_handler.go:107.16,110.3 2 1
github.com/erp-system/scm-service/internal/api/handlers/product_handler.go:112.2,112.41 1 1
github.com/erp-system/scm-service/internal/api/handlers/product_handler.go:115.56,118.16 3 1
github.com/erp-system/scm-service/internal/api/handlers/product_handler.go:118.16,121.3 2 0
github.com/erp-system/scm-service/internal/api/handlers/product_handler.go:122.2,122.73 1 1
github.com/erp-system/scm-service/internal/api/handlers/product_handler.go:127.56,129.16 2 1
github.com/erp-system/scm-service/internal/api/handlers/product_handler.go:129.16,132.3 2 1
github.com/erp-system/scm-service/internal/api/handlers/product_handler.go:133.2,133.44 1 1
github.com/erp-system/scm-service/internal/api/handlers/product_handler.go:136.57,142.47 2 1
github.com/erp-system/scm-service/internal/api/handlers/product_handler.go:142.47,145.3 2 1
github.com/erp-system/scm-service/internal/api/handlers/product_handler.go:146.2,147.16 2 1
github.com/erp-system/scm-service/internal/api/handlers/product_handler.go:147.16,150.3 2 0
github.com/erp-system/scm-service/internal/api/handlers/product_handler.go:151.2,151.47 1 1
github.com/erp-system/scm-service/internal/api/handlers/product_handler.go:154.54,157.16 3 1
github.com/erp-system/scm-service/internal/api/handlers/product_handler.go:157.16,160.3 2 1
github.com/erp-system/scm-service/internal/api/handlers/product_handler.go:161.2,161.42 1 1
github.com/erp-system/scm-service/internal/api/handlers/product_handler.go:164.57,171.47 3 1
github.com/erp-system/scm-service/internal/api/handlers/product_handler.go:171.47,174.3 2 0
github.com/erp-system/scm-service/internal/api/handlers/product_handler.go:175.2,176.16 2 1
github.com/erp-system/scm-service/internal/api/handlers/product_handler.go:176.16,179.3 2 1
github.com/erp-system/scm-service/internal/api/handlers/product_handler.go:180.2,180.42 1 1
github.com/erp-system/scm-service/internal/api/handlers/product_handler.go:183.57,186.16 3 1
github.com/erp-system/scm-service/internal/api/handlers/product_handler.go:186.16,189.3 2 0
github.com/erp-system/scm-service/internal/api/handlers/product_handler.go:190.2,190.74 1 1
github.com/erp-system/scm-service/internal/api/handlers/product_handler.go:193.55,195.16 2 1
github.com/erp-system/scm-service/internal/api/handlers/product_handler.go:195.16,198.3 2 1
github.com/erp-system/scm-service/internal/api/handlers/product_handler.go:199.2,199.44 1 1
github.com/erp-system/scm-service/internal/api/handlers/product_handler.go:202.57,208.47 2 1
github.com/erp-system/scm-service/internal/api/handlers/product_handler.go:208.47,211.3 2 1
github.com/erp-system/scm-service/internal/api/handlers/product_handler.go:212.2,213.16 2 1
github.com/erp-system/scm-service/internal/api/handlers/product_handler.go:213.16,216.3 2 0
github.com/erp-system/scm-service/internal/api/handlers/product_handler.go:217.2,217.48 1 1
github.com/erp-system/scm-service/internal/api/handlers/product_handler.go:220.54,223.16 3 1
github.com/erp-system/scm-service/internal/api/handlers/product_handler.go:223.16,226.3 2 1
github.com/erp-system/scm-service/internal/api/handlers/product_handler.go:227.2,227.43 1 1
github.com/erp-system/scm-service/internal/api/handlers/product_handler.go:230.57,238.47 3 1
github.com/erp-system/scm-service/internal/api/handlers/product_handler.go:238.47,241.3 2 0
github.com/erp-system/scm-service/internal/api/handlers/product_handler.go:242.2,243.16 2 1
github.com/erp-system/scm-service/internal/api/handlers/product_handler.go:243.16,246.3 2 1
github.com/erp-system/scm-service/internal/api/handlers/product_handler.go:247.2,247.43 1 1
github.com/erp-system/scm-service/internal/api/handlers/product_handler.go:250.57,253.16 3 1
github.com/erp-system/scm-service/internal/api/handlers/product_handler.go:253.16,256.3 2 0
github.com/erp-system/scm-service/internal/api/handlers/product_handler.go:257.2,257.74 1 1
github.com/erp-system/scm-service/internal/api/handlers/purchase_order_handler.go:18.119,23.2 1 1
github.com/erp-system/scm-service/internal/api/handlers/purchase_order_handler.go:25.66,27.16 2 1
github.com/erp-system/scm-service/internal/api/handlers/purchase_order_handler.go:27.16,30.3 2 1
github.com/erp-system/scm-service/internal/api/handlers/purchase_order_handler.go:31.2,31.44 1 1
github.com/erp-system/scm-service/internal/api/handlers/purchase_order_handler.go:34.68,47.47 2 1
github.com/erp-system/scm-service/internal/api/handlers/purchase_order_handler.go:47.47,50.3 2 1
github.com/erp-system/scm-service/internal/api/handlers/purchase_order_handler.go:52.2,53.16 2 1
github.com/erp-system/scm-service/internal/api/handlers/purchase_order_handler.go:53.16,55.3 1 1
github.com/erp-system/scm-service/internal/api/handlers/purchase_order_handler.go:57.2,58.30 2 1
github.com/erp-system/scm-service/internal/api/handlers/purchase_order_handler.go:58.30,60.17 2 1
github.com/erp-system/scm-service/internal/api/handlers/purchase_order_handler.go:60.17,62.4 1 0
github.com/erp-system/scm-service/internal/api/handlers/purchase_order_handler.go:63.3,68.5 1 1
github.com/erp-system/scm-service/internal/api/handlers/purchase_order_handler.go:71.2,72.16 2 1
github.com/erp-system/scm-service/internal/api/handlers/purchase_order_handler.go:72.16,75.3 2 0
github.com/erp-system/scm-service/internal/api/handlers/purchase_order_handler.go:77.2,77.47 1 1
github.com/erp-system/scm-service/internal/api/handlers/purchase_order_handler.go:80.65,83.16 3 1
github.com/erp-system/scm-service/internal/api/handlers/purchase_order_handler.go:83.16,86.3 2 1
github.com/erp-system/scm-service/internal/api/handlers/purchase_order_handler.go:87.2,87.42 1 1
github.com/erp-system/scm-service/internal/api/handlers/purchase_order_handler.go:90.68,98.47 3 1
github.com/erp-system/scm-service/internal/api/handlers/purchase_order_handler.go:98.47,101.3 2 0
github.com/erp-system/scm-service/internal/api/handlers/purchase_order_handler.go:103.2,104.16 2 1
github.com/erp-system/scm-service/internal/api/handlers/purchase_order_handler.go:104.16,106.3 1 1
github.com/erp-system/scm-service/internal/api/handlers/purchase_order_handler.go:108.2,109.16 2 1
github.com/erp-system/scm-service/internal/api/handlers/purchase_order_handler.go:109.16,112.3 2 1
github.com/erp-system/scm-service/internal/api/handlers/purchase_order_handler.go:114.2,114.42 1 1
github.com/erp-system/scm-service/internal/api/handlers/purchase_order_handler.go:117.68,120.16 3 1
github.com/erp-system/scm-service/internal/api/handlers/purchase_order_handler.go:120.16,123.3 2 0
github.com/erp-system/scm-service/internal/api/handlers/purchase_order_handler.go:124.2,124.80 1 1
github.com/erp-system/scm-service/internal/api/handlers/purchase_order_handler.go:127.66,130.16 3 1
github.com/erp-system/scm-service/internal/api/handlers/purchase_order_handler.go:130.16,133.3 2 0
github.com/erp-system/scm-service/internal/api/handlers/purchase_order_handler.go:134.2,134.42 1 1
github.com/erp-system/scm-service/internal/api/handlers/purchase_order_handler.go:139.72,141.16 2 1
github.com/erp-system/scm-service/internal/api/handlers/purchase_order_handler.go:141.16,144.3 2 1
github.com/erp-system/scm-service/internal/api/handlers/purchase_order_handler.go:145.2,145.44 1 1
github.com/erp-system/scm-service/internal/api/handlers/purchase_order_handler.go:148.74,160.47 2 1
github.com/erp-system/scm-service/internal/api/handlers/purchase_order_handler.go:160.47,163.3 2 1
github.com/erp-system/scm-service/internal/api/handlers/purchase_order_handler.go:165.2,166.16 2 1
github.com/erp-system/scm-service/internal/api/handlers/purchase_order_handler.go:166.16,168.3 1 1
github.com/erp-system/scm-service/internal/api/handlers/purchase_order_handler.go:170.2,171.30 2 1
github.com/erp-system/scm-service/internal/api/handlers/purchase_order_handler.go:171.30,173.17 2 1
github.com/erp-system/scm-service/internal/api/handlers/purchase_order_handler.go:173.17,175.4 1 1
github.com/erp-system/scm-service/internal/api/handlers/purchase_order_handler.go:176.3,180.5 1 1
github.com/erp-system/scm-service/internal/api/handlers/purchase_order_handler.go:183.2,184.16 2 1
github.com/erp-system/scm-service/internal/api/handlers/purchase_order_handler.go:184.16,187.3 2 0
github.com/erp-system/scm-service/internal/api/handlers/purchase_order_handler.go:189.2,189.47 1 1
github.com/erp-system/scm-service/internal/api/handlers/purchase_order_handler.go:192.71,195.16 3 1
github.com/erp-system/scm-service/internal/api/handlers/purchase_order_handler.go:195.16,198.3 2 1
github.com/erp-system/scm-service/internal/api/handlers/purchase_order_handler.go:199.2,199.42 1 1
github.com/erp-system/scm-service/internal/api/handlers/purchase_order_handler.go:202.74,210.47 3 1
github.com/erp-system/scm-service/internal/api/handlers/purchase_order_handler.go:210.47,213.3 2 0
github.com/erp-system/scm-service/internal/api/handlers/purchase_order_handler.go:215.2,216.16 2 1
github.com/erp-system/scm-service/internal/api/handlers/purchase_order_handler.go:216.16,218.3 1 1
github.com/erp-system/scm-service/internal/api/handlers/purchase_order_handler.go:220.2,221.16 2 1
github.com/erp-system/scm-service/internal/api/handlers/purchase_order_handler.go:221.16,224.3 2 1
github.com/erp-system/scm-service/internal/api/handlers/purchase_order_handler.go:226.2,226.42 1 1
github.com/erp-system/scm-service/internal/api/handlers/purchase_order_handler.go:229.74,232.16 3 1
github.com/erp-system/scm-service/internal/api/handlers/purchase_order_handler.go:232.16,235.3 2 0
github.com/erp-system/scm-service/internal/api/handlers/purchase_order_handler.go:236.2,236.86 1 1
github.com/erp-system/scm-service/internal/api/handlers/purchase_order_handler.go:239.75,242.16 3 1
github.com/erp-system/scm-service/internal/api/handlers/purchase_order_handler.go:242.16,245.3 2 0
github.com/erp-system/scm-service/internal/api/handlers/purchase_order_handler.go:246.2,246.42 1 1
github.com/erp-system/scm-service/internal/api/handlers/purchase_order_handler.go:249.74,252.16 3 1
github.com/erp-system/scm-service/internal/api/handlers/purchase_order_handler.go:252.16,255.3 2 0
github.com/erp-system/scm-service/internal/api/handlers/purchase_order_handler.go:256.2,256.42 1 1
github.com/erp-system/scm-service/internal/api/handlers/purchase_order_handler.go:259.70,262.16 3 1
github.com/erp-system/scm-service/internal/api/handlers/purchase_order_handler.go:262.16,265.3 2 0
github.com/erp-system/scm-service/internal/api/handlers/purchase_order_handler.go:266.2,266.45 1 1
github.com/erp-system/scm-service/internal/api/handlers/purchase_order_handler.go:269.76,272.16 3 1
github.com/erp-system/scm-service/internal/api/handlers/purchase_order_handler.go:272.16,275.3 2 0
github.com/erp-system/scm-service/internal/api/handlers/purchase_order_handler.go:276.2,276.45 1 1
github.com/erp-system/scm-service/internal/api/handlers/report_handler.go:16.98,21.2 1 1
github.com/erp-system/scm-service/internal/api/handlers/report_handler.go:23.66,25.16 2 1
github.com/erp-system/scm-service/internal/api/handlers/report_handler.go:25.16,28.3 2 0
github.com/erp-system/scm-service/internal/api/handlers/report_handler.go:29.2,29.43 1 1
github.com/erp-system/scm-service/internal/api/handlers/report_handler.go:32.68,34.16 2 1
github.com/erp-system/scm-service/internal/api/handlers/report_handler.go:34.16,37.3 2 0
github.com/erp-system/scm-service/internal/api/handlers/report_handler.go:38.2,38.43 1 1
github.com/erp-system/scm-service/internal/api/handlers/report_handler.go:41.69,43.16 2 1
github.com/erp-system/scm-service/internal/api/handlers/report_handler.go:43.16,46.3 2 0
github.com/erp-system/scm-service/internal/api/handlers/report_handler.go:47.2,47.43 1 1
github.com/erp-system/scm-service/internal/api/handlers/report_handler.go:50.62,52.16 2 1
github.com/erp-system/scm-service/internal/api/handlers/report_handler.go:52.16,55.3 2 0
github.com/erp-system/scm-service/internal/api/handlers/report_handler.go:56.2,56.43 1 1
github.com/erp-system/scm-service/internal/api/handlers/vendor_handler.go:17.110,22.2 1 1
github.com/erp-system/scm-service/internal/api/handlers/vendor_handler.go:24.52,26.16 2 1
github.com/erp-system/scm-service/internal/api/handlers/vendor_handler.go:26.16,29.3 2 1
github.com/erp-system/scm-service/internal/api/handlers/vendor_handler.go:30.2,30.44 1 1
github.com/erp-system/scm-service/internal/api/handlers/vendor_handler.go:33.54,42.47 2 1
github.com/erp-system/scm-service/internal/api/handlers/vendor_handler.go:42.47,45.3 2 0
github.com/erp-system/scm-service/internal/api/handlers/vendor_handler.go:47.2,48.16 2 1
github.com/erp-system/scm-service/internal/api/handlers/vendor_handler.go:48.16,51.3 2 0
github.com/erp-system/scm-service/internal/api/handlers/vendor_handler.go:53.2,53.46 1 1
github.com/erp-system/scm-service/internal/api/handlers/vendor_handler.go:56.51,59.16 3 1
github.com/erp-system/scm-service/internal/api/handlers/vendor_handler.go:59.16,62.3 2 0
github.com/erp-system/scm-service/internal/api/handlers/vendor_handler.go:63.2,63.41 1 1
github.com/erp-system/scm-service/internal/api/handlers/vendor_handler.go:66.54,77.47 3 1
github.com/erp-system/scm-service/internal/api/handlers/vendor_handler.go:77.47,80.3 2 0
github.com/erp-system/scm-service/internal/api/handlers/vendor_handler.go:82.2,83.16 2 1
github.com/erp-system/scm-service/internal/api/handlers/vendor_handler.go:83.16,86.3 2 1
github.com/erp-system/scm-service/internal/api/handlers/vendor_handler.go:88.2,88.41 1 1
github.com/erp-system/scm-service/internal/api/handlers/vendor_handler.go:91.54,94.16 3 1
github.com/erp-system/scm-service/internal/api/handlers/vendor_handler.go:94.16,97.3 2 0
github.com/erp-system/scm-service/internal/api/handlers/vendor_handler.go:98.2,98.72 1 1
github.com/erp-system/scm-service/internal/api/handlers/vendor_handler.go:103.54,105.16 2 1
github.com/erp-system/scm-service/internal/api/handlers/vendor_handler.go:105.16,108.3 2 1
github.com/erp-system/scm-service/internal/api/handlers/vendor_handler.go:109.2,109.44 1 1
github.com/erp-system/scm-service/internal/api/handlers/vendor_handler.go:112.56,121.47 2 1
github.com/erp-system/scm-service/internal/api/handlers/vendor_handler.go:121.47,124.3 2 1
github.com/erp-system/scm-service/internal/api/handlers/vendor_handler.go:126.2,127.16 2 1
github.com/erp-system/scm-service/internal/api/handlers/vendor_handler.go:127.16,130.3 2 0
github.com/erp-system/scm-service/internal/api/handlers/vendor_handler.go:132.2,133.16 2 1
github.com/erp-system/scm-service/internal/api/handlers/vendor_handler.go:133.16,136.3 2 0
github.com/erp-system/scm-service/internal/api/handlers/vendor_handler.go:138.2,139.16 2 1
github.com/erp-system/scm-service/internal/api/handlers/vendor_handler.go:139.16,142.3 2 0
github.com/erp-system/scm-service/internal/api/handlers/vendor_handler.go:144.2,144.47 1 1
github.com/erp-system/scm-service/internal/api/handlers/vendor_handler.go:147.53,150.16 3 1
github.com/erp-system/scm-service/internal/api/handlers/vendor_handler.go:150.16,153.3 2 1
github.com/erp-system/scm-service/internal/api/handlers/vendor_handler.go:154.2,154.42 1 1
github.com/erp-system/scm-service/internal/api/handlers/vendor_handler.go:157.56,168.47 3 1
github.com/erp-system/scm-service/internal/api/handlers/vendor_handler.go:168.47,171.3 2 0
github.com/erp-system/scm-service/internal/api/handlers/vendor_handler.go:173.2,174.16 2 1
github.com/erp-system/scm-service/internal/api/handlers/vendor_handler.go:174.16,177.3 2 0
github.com/erp-system/scm-service/internal/api/handlers/vendor_handler.go:179.2,180.16 2 1
github.com/erp-system/scm-service/internal/api/handlers/vendor_handler.go:180.16,183.3 2 0
github.com/erp-system/scm-service/internal/api/handlers/vendor_handler.go:185.2,186.16 2 1
github.com/erp-system/scm-service/internal/api/handlers/vendor_handler.go:186.16,189.3 2 1
github.com/erp-system/scm-service/internal/api/handlers/vendor_handler.go:191.2,191.42 1 1
github.com/erp-system/scm-service/internal/api/handlers/vendor_handler.go:194.56,197.16 3 1
github.com/erp-system/scm-service/internal/api/handlers/vendor_handler.go:197.16,200.3 2 0
github.com/erp-system/scm-service/internal/api/handlers/vendor_handler.go:201.2,201.74 1 1
github.com/erp-system/scm-service/internal/api/handlers/warehouse_handler.go:17.107,22.2 1 1
github.com/erp-system/scm-service/internal/api/handlers/warehouse_handler.go:28.56,30.16 2 1
github.com/erp-system/scm-service/internal/api/handlers/warehouse_handler.go:30.16,33.3 2 1
github.com/erp-system/scm-service/internal/api/handlers/warehouse_handler.go:34.2,34.44 1 1
github.com/erp-system/scm-service/internal/api/handlers/warehouse_handler.go:37.58,48.47 2 1
github.com/erp-system/scm-service/internal/api/handlers/warehouse_handler.go:48.47,51.3 2 1
github.com/erp-system/scm-service/internal/api/handlers/warehouse_handler.go:53.2,54.30 2 1
github.com/erp-system/scm-service/internal/api/handlers/warehouse_handler.go:54.30,60.3 1 1
github.com/erp-system/scm-service/internal/api/handlers/warehouse_handler.go:62.2,63.16 2 1
github.com/erp-system/scm-service/internal/api/handlers/warehouse_handler.go:63.16,66.3 2 0
github.com/erp-system/scm-service/internal/api/handlers/warehouse_handler.go:68.2,68.48 1 1
github.com/erp-system/scm-service/internal/api/handlers/warehouse_handler.go:71.55,74.16 3 1
github.com/erp-system/scm-service/internal/api/handlers/warehouse_handler.go:74.16,77.3 2 1
github.com/erp-system/scm-service/internal/api/handlers/warehouse_handler.go:78.2,78.43 1 1
github.com/erp-system/scm-service/internal/api/handlers/warehouse_handler.go:81.58,88.47 3 1
github.com/erp-system/scm-service/internal/api/handlers/warehouse_handler.go:88.47,91.3 2 0
github.com/erp-system/scm-service/internal/api/handlers/warehouse_handler.go:93.2,94.16 2 1
github.com/erp-system/scm-service/internal/api/handlers/warehouse_handler.go:94.16,97.3 2 1
github.com/erp-system/scm-service/internal/api/handlers/warehouse_handler.go:99.2,99.43 1 1
github.com/erp-system/scm-service/internal/api/handlers/warehouse_handler.go:106.57,108.16 2 1
github.com/erp-system/scm-service/internal/api/handlers/warehouse_handler.go:108.16,111.3 2 1
github.com/erp-system/scm-service/internal/api/handlers/warehouse_handler.go:112.2,112.44 1 1
github.com/erp-system/scm-service/internal/api/handlers/warehouse_handler.go:115.59,128.47 2 1
github.com/erp-system/scm-service/internal/api/handlers/warehouse_handler.go:128.47,131.3 2 1
github.com/erp-system/scm-service/internal/api/handlers/warehouse_handler.go:133.2,134.16 2 1
github.com/erp-system/scm-service/internal/api/handlers/warehouse_handler.go:134.16,136.3 1 1
github.com/erp-system/scm-service/internal/api/handlers/warehouse_handler.go:138.2,139.30 2 1
github.com/erp-system/scm-service/internal/api/handlers/warehouse_handler.go:139.30,145.3 1 1
github.com/erp-system/scm-service/internal/api/handlers/warehouse_handler.go:147.2,148.16 2 1
github.com/erp-system/scm-service/internal/api/handlers/warehouse_handler.go:148.16,151.3 2 0
github.com/erp-system/scm-service/internal/api/handlers/warehouse_handler.go:153.2,153.48 1 1
github.com/erp-system/scm-service/internal/api/handlers/warehouse_handler.go:156.56,159.16 3 1
github.com/erp-system/scm-service/internal/api/handlers/warehouse_handler.go:159.16,162.3 2 1
github.com/erp-system/scm-service/internal/api/handlers/warehouse_handler.go:163.2,163.43 1 1
github.com/erp-system/scm-service/internal/api/handlers/warehouse_handler.go:166.59,173.47 3 1
github.com/erp-system/scm-service/internal/api/handlers/warehouse_handler.go:173.47,176.3 2 0
github.com/erp-system/scm-service/internal/api/handlers/warehouse_handler.go:178.2,179.16 2 1
github.com/erp-system/scm-service/internal/api/handlers/warehouse_handler.go:179.16,182.3 2 1
github.com/erp-system/scm-service/internal/api/handlers/warehouse_handler.go:184.2,184.43 1 1
github.com/erp-system/scm-service/internal/api/handlers/warehouse_handler.go:187.60,190.16 3 1
github.com/erp-system/scm-service/internal/api/handlers/warehouse_handler.go:190.16,193.3 2 0
github.com/erp-system/scm-service/internal/api/handlers/warehouse_handler.go:194.2,194.45 1 1
github.com/erp-system/scm-service/internal/api/handlers/warehouse_handler.go:197.61,200.16 3 1
github.com/erp-system/scm-service/internal/api/handlers/warehouse_handler.go:200.16,203.3 2 0
github.com/erp-system/scm-service/internal/api/handlers/warehouse_handler.go:204.2,204.45 1 1
