mode: set
github.com/erp-system/scm-service/internal/data/kafka/consumer.go:51.18,76.2 3 1
github.com/erp-system/scm-service/internal/data/kafka/consumer.go:78.52,80.6 2 1
github.com/erp-system/scm-service/internal/data/kafka/consumer.go:80.6,81.10 1 1
github.com/erp-system/scm-service/internal/data/kafka/consumer.go:82.21,84.10 2 1
github.com/erp-system/scm-service/internal/data/kafka/consumer.go:85.11,87.18 2 1
github.com/erp-system/scm-service/internal/data/kafka/consumer.go:87.18,88.25 1 1
github.com/erp-system/scm-service/internal/data/kafka/consumer.go:88.25,90.6 1 1
github.com/erp-system/scm-service/internal/data/kafka/consumer.go:91.5,93.13 3 0
github.com/erp-system/scm-service/internal/data/kafka/consumer.go:96.4,97.69 2 0
github.com/erp-system/scm-service/internal/data/kafka/consumer.go:97.69,100.5 2 0
github.com/erp-system/scm-service/internal/data/kafka/consumer.go:105.110,115.78 3 1
github.com/erp-system/scm-service/internal/data/kafka/consumer.go:115.78,117.3 1 1
github.com/erp-system/scm-service/internal/data/kafka/consumer.go:117.8,119.3 1 1
github.com/erp-system/scm-service/internal/data/kafka/consumer.go:126.94,129.73 2 1
github.com/erp-system/scm-service/internal/data/kafka/consumer.go:129.73,130.88 1 1
github.com/erp-system/scm-service/internal/data/kafka/consumer.go:130.88,133.4 2 1
github.com/erp-system/scm-service/internal/data/kafka/consumer.go:134.8,140.88 5 1
github.com/erp-system/scm-service/internal/data/kafka/consumer.go:140.88,143.4 2 0
github.com/erp-system/scm-service/internal/data/kafka/consumer.go:147.2,151.16 3 1
github.com/erp-system/scm-service/internal/data/kafka/consumer.go:151.16,153.3 1 1
github.com/erp-system/scm-service/internal/data/kafka/consumer.go:155.2,163.64 2 1
github.com/erp-system/scm-service/internal/data/kafka/consumer.go:163.64,165.3 1 0
github.com/erp-system/scm-service/internal/data/kafka/consumer.go:167.2,167.12 1 1
github.com/erp-system/scm-service/internal/data/kafka/consumer.go:170.93,171.15 1 1
github.com/erp-system/scm-service/internal/data/kafka/consumer.go:172.40,174.52 2 1
github.com/erp-system/scm-service/internal/data/kafka/consumer.go:174.52,176.4 1 1
github.com/erp-system/scm-service/internal/data/kafka/consumer.go:177.3,178.13 2 1
github.com/erp-system/scm-service/internal/data/kafka/consumer.go:180.45,182.52 2 1
github.com/erp-system/scm-service/internal/data/kafka/consumer.go:182.52,184.4 1 0
github.com/erp-system/scm-service/internal/data/kafka/consumer.go:185.3,187.13 3 1
github.com/erp-system/scm-service/internal/data/kafka/consumer.go:189.39,191.52 2 1
github.com/erp-system/scm-service/internal/data/kafka/consumer.go:191.52,193.4 1 0
github.com/erp-system/scm-service/internal/data/kafka/consumer.go:194.3,202.13 4 1
github.com/erp-system/scm-service/internal/data/kafka/consumer.go:204.39,206.52 2 1
github.com/erp-system/scm-service/internal/data/kafka/consumer.go:206.52,208.4 1 0
github.com/erp-system/scm-service/internal/data/kafka/consumer.go:209.3,211.43 3 1
github.com/erp-system/scm-service/internal/data/kafka/consumer.go:211.43,213.4 1 0
github.com/erp-system/scm-service/internal/data/kafka/consumer.go:214.3,215.13 2 1
github.com/erp-system/scm-service/internal/data/kafka/consumer.go:217.42,219.52 2 1
github.com/erp-system/scm-service/internal/data/kafka/consumer.go:219.52,221.4 1 0
github.com/erp-system/scm-service/internal/data/kafka/consumer.go:222.3,225.13 3 1
github.com/erp-system/scm-service/internal/data/kafka/consumer.go:227.45,229.52 2 1
github.com/erp-system/scm-service/internal/data/kafka/consumer.go:229.52,231.4 1 0
github.com/erp-system/scm-service/internal/data/kafka/consumer.go:232.3,233.13 2 1
github.com/erp-system/scm-service/internal/data/kafka/consumer.go:235.40,237.52 2 1
github.com/erp-system/scm-service/internal/data/kafka/consumer.go:237.52,239.4 1 0
github.com/erp-system/scm-service/internal/data/kafka/consumer.go:240.3,243.13 3 1
github.com/erp-system/scm-service/internal/data/kafka/consumer.go:246.2,246.12 1 1
github.com/erp-system/scm-service/internal/data/kafka/consumer.go:249.39,251.2 1 1
github.com/erp-system/scm-service/internal/data/kafka/outbox_relay.go:18.157,19.19 1 1
github.com/erp-system/scm-service/internal/data/kafka/outbox_relay.go:19.19,21.3 1 1
github.com/erp-system/scm-service/internal/data/kafka/outbox_relay.go:22.2,22.16 1 1
github.com/erp-system/scm-service/internal/data/kafka/outbox_relay.go:22.16,24.3 1 1
github.com/erp-system/scm-service/internal/data/kafka/outbox_relay.go:25.2,30.3 1 1
github.com/erp-system/scm-service/internal/data/kafka/outbox_relay.go:33.56,38.6 4 1
github.com/erp-system/scm-service/internal/data/kafka/outbox_relay.go:38.6,39.10 1 1
github.com/erp-system/scm-service/internal/data/kafka/outbox_relay.go:40.21,42.10 2 1
github.com/erp-system/scm-service/internal/data/kafka/outbox_relay.go:43.19,44.25 1 0
github.com/erp-system/scm-service/internal/data/kafka/outbox_relay.go:49.65,51.16 2 1
github.com/erp-system/scm-service/internal/data/kafka/outbox_relay.go:51.16,54.3 2 1
github.com/erp-system/scm-service/internal/data/kafka/outbox_relay.go:56.2,56.23 1 1
github.com/erp-system/scm-service/internal/data/kafka/outbox_relay.go:56.23,58.3 1 0
github.com/erp-system/scm-service/internal/data/kafka/outbox_relay.go:60.2,62.30 2 1
github.com/erp-system/scm-service/internal/data/kafka/outbox_relay.go:62.30,65.17 2 1
github.com/erp-system/scm-service/internal/data/kafka/outbox_relay.go:65.17,70.94 4 1
github.com/erp-system/scm-service/internal/data/kafka/outbox_relay.go:70.94,72.5 1 0
github.com/erp-system/scm-service/internal/data/kafka/outbox_relay.go:73.4,73.12 1 1
github.com/erp-system/scm-service/internal/data/kafka/outbox_relay.go:77.3,77.111 1 1
github.com/erp-system/scm-service/internal/data/kafka/outbox_relay.go:77.111,79.4 1 0
