mode: set
github.com/erp-system/m-service/internal/api/handlers/mfg_handler.go:23.15,29.2 1 1
github.com/erp-system/m-service/internal/api/handlers/mfg_handler.go:38.58,40.49 2 1
github.com/erp-system/m-service/internal/api/handlers/mfg_handler.go:40.49,43.3 2 1
github.com/erp-system/m-service/internal/api/handlers/mfg_handler.go:45.2,46.16 2 1
github.com/erp-system/m-service/internal/api/handlers/mfg_handler.go:46.16,49.3 2 0
github.com/erp-system/m-service/internal/api/handlers/mfg_handler.go:51.2,51.32 1 1
github.com/erp-system/m-service/internal/api/handlers/mfg_handler.go:63.60,66.49 3 1
github.com/erp-system/m-service/internal/api/handlers/mfg_handler.go:66.49,69.3 2 1
github.com/erp-system/m-service/internal/api/handlers/mfg_handler.go:71.2,80.16 2 1
github.com/erp-system/m-service/internal/api/handlers/mfg_handler.go:80.16,83.3 2 1
github.com/erp-system/m-service/internal/api/handlers/mfg_handler.go:85.2,85.37 1 1
github.com/erp-system/m-service/internal/api/handlers/mfg_handler.go:98.59,100.49 2 1
github.com/erp-system/m-service/internal/api/handlers/mfg_handler.go:100.49,103.3 2 1
github.com/erp-system/m-service/internal/api/handlers/mfg_handler.go:105.2,114.16 2 1
github.com/erp-system/m-service/internal/api/handlers/mfg_handler.go:114.16,117.3 2 0
github.com/erp-system/m-service/internal/api/handlers/mfg_handler.go:119.2,119.32 1 1
github.com/erp-system/m-service/internal/api/handlers/mfg_handler.go:128.63,131.49 3 1
github.com/erp-system/m-service/internal/api/handlers/mfg_handler.go:131.49,134.3 2 1
github.com/erp-system/m-service/internal/api/handlers/mfg_handler.go:136.2,137.16 2 1
github.com/erp-system/m-service/internal/api/handlers/mfg_handler.go:137.16,140.3 2 0
github.com/erp-system/m-service/internal/api/handlers/mfg_handler.go:142.2,142.27 1 1
github.com/erp-system/m-service/internal/api/handlers/mfg_handler.go:152.62,155.49 3 1
github.com/erp-system/m-service/internal/api/handlers/mfg_handler.go:155.49,158.3 2 1
github.com/erp-system/m-service/internal/api/handlers/mfg_handler.go:160.2,161.16 2 1
github.com/erp-system/m-service/internal/api/handlers/mfg_handler.go:161.16,164.3 2 0
github.com/erp-system/m-service/internal/api/handlers/mfg_handler.go:166.2,166.87 1 1
github.com/erp-system/m-service/internal/api/handlers/mfg_handler.go:175.68,178.49 3 1
github.com/erp-system/m-service/internal/api/handlers/mfg_handler.go:178.49,181.3 2 1
github.com/erp-system/m-service/internal/api/handlers/mfg_handler.go:183.2,184.16 2 1
github.com/erp-system/m-service/internal/api/handlers/mfg_handler.go:184.16,187.3 2 0
github.com/erp-system/m-service/internal/api/handlers/mfg_handler.go:189.2,189.99 1 1
github.com/erp-system/m-service/internal/api/handlers/mfg_handler.go:201.60,204.49 3 1
github.com/erp-system/m-service/internal/api/handlers/mfg_handler.go:204.49,207.3 2 1
github.com/erp-system/m-service/internal/api/handlers/mfg_handler.go:209.2,210.16 2 1
github.com/erp-system/m-service/internal/api/handlers/mfg_handler.go:210.16,213.3 2 0
github.com/erp-system/m-service/internal/api/handlers/mfg_handler.go:215.2,215.94 1 1
