mode: set
github.com/erp-system/pm-service/internal/data/kafka/consumer.go:37.18,56.2 3 1
github.com/erp-system/pm-service/internal/data/kafka/consumer.go:58.52,60.6 2 1
github.com/erp-system/pm-service/internal/data/kafka/consumer.go:60.6,61.10 1 1
github.com/erp-system/pm-service/internal/data/kafka/consumer.go:62.21,64.10 2 1
github.com/erp-system/pm-service/internal/data/kafka/consumer.go:65.11,67.18 2 1
github.com/erp-system/pm-service/internal/data/kafka/consumer.go:67.18,68.25 1 1
github.com/erp-system/pm-service/internal/data/kafka/consumer.go:68.25,70.6 1 1
github.com/erp-system/pm-service/internal/data/kafka/consumer.go:71.5,73.13 3 0
github.com/erp-system/pm-service/internal/data/kafka/consumer.go:76.4,77.69 2 0
github.com/erp-system/pm-service/internal/data/kafka/consumer.go:77.69,80.5 2 0
github.com/erp-system/pm-service/internal/data/kafka/consumer.go:85.110,95.78 3 1
github.com/erp-system/pm-service/internal/data/kafka/consumer.go:95.78,97.3 1 1
github.com/erp-system/pm-service/internal/data/kafka/consumer.go:97.8,99.3 1 1
github.com/erp-system/pm-service/internal/data/kafka/consumer.go:102.94,106.58 2 1
github.com/erp-system/pm-service/internal/data/kafka/consumer.go:106.58,108.3 1 1
github.com/erp-system/pm-service/internal/data/kafka/consumer.go:109.2,109.29 1 1
github.com/erp-system/pm-service/internal/data/kafka/consumer.go:109.29,111.3 1 1
github.com/erp-system/pm-service/internal/data/kafka/consumer.go:113.2,113.127 1 1
github.com/erp-system/pm-service/internal/data/kafka/consumer.go:113.127,114.16 1 1
github.com/erp-system/pm-service/internal/data/kafka/consumer.go:115.38,117.53 2 1
github.com/erp-system/pm-service/internal/data/kafka/consumer.go:117.53,119.5 1 1
github.com/erp-system/pm-service/internal/data/kafka/consumer.go:120.4,121.14 2 1
github.com/erp-system/pm-service/internal/data/kafka/consumer.go:123.41,125.53 2 1
github.com/erp-system/pm-service/internal/data/kafka/consumer.go:125.53,127.5 1 1
github.com/erp-system/pm-service/internal/data/kafka/consumer.go:128.4,129.14 2 1
github.com/erp-system/pm-service/internal/data/kafka/consumer.go:131.43,133.53 2 1
github.com/erp-system/pm-service/internal/data/kafka/consumer.go:133.53,135.5 1 1
github.com/erp-system/pm-service/internal/data/kafka/consumer.go:136.4,147.14 3 1
github.com/erp-system/pm-service/internal/data/kafka/consumer.go:149.3,149.13 1 1
github.com/erp-system/pm-service/internal/data/kafka/consumer.go:153.39,155.2 1 1
