mode: set
github.com/erp-system/m-service/internal/data/kafka/consumer.go:36.18,56.2 3 1
github.com/erp-system/m-service/internal/data/kafka/consumer.go:58.52,60.6 2 1
github.com/erp-system/m-service/internal/data/kafka/consumer.go:60.6,61.10 1 1
github.com/erp-system/m-service/internal/data/kafka/consumer.go:62.21,64.10 2 1
github.com/erp-system/m-service/internal/data/kafka/consumer.go:65.11,67.18 2 1
github.com/erp-system/m-service/internal/data/kafka/consumer.go:67.18,68.25 1 1
github.com/erp-system/m-service/internal/data/kafka/consumer.go:68.25,70.6 1 1
github.com/erp-system/m-service/internal/data/kafka/consumer.go:71.5,73.13 3 0
github.com/erp-system/m-service/internal/data/kafka/consumer.go:76.4,77.69 2 0
github.com/erp-system/m-service/internal/data/kafka/consumer.go:77.69,80.5 2 0
github.com/erp-system/m-service/internal/data/kafka/consumer.go:85.110,95.78 3 1
github.com/erp-system/m-service/internal/data/kafka/consumer.go:95.78,97.3 1 1
github.com/erp-system/m-service/internal/data/kafka/consumer.go:97.8,99.3 1 1
github.com/erp-system/m-service/internal/data/kafka/consumer.go:102.94,103.15 1 1
github.com/erp-system/m-service/internal/data/kafka/consumer.go:104.34,106.52 2 1
github.com/erp-system/m-service/internal/data/kafka/consumer.go:106.52,108.4 1 1
github.com/erp-system/m-service/internal/data/kafka/consumer.go:109.3,109.115 1 1
github.com/erp-system/m-service/internal/data/kafka/consumer.go:109.115,112.4 2 1
github.com/erp-system/m-service/internal/data/kafka/consumer.go:114.39,116.52 2 1
github.com/erp-system/m-service/internal/data/kafka/consumer.go:116.52,118.4 1 1
github.com/erp-system/m-service/internal/data/kafka/consumer.go:119.3,119.115 1 1
github.com/erp-system/m-service/internal/data/kafka/consumer.go:119.115,121.69 2 1
github.com/erp-system/m-service/internal/data/kafka/consumer.go:121.69,123.19 2 1
github.com/erp-system/m-service/internal/data/kafka/consumer.go:123.19,125.6 1 0
github.com/erp-system/m-service/internal/data/kafka/consumer.go:127.4,127.14 1 1
github.com/erp-system/m-service/internal/data/kafka/consumer.go:130.39,132.52 2 1
github.com/erp-system/m-service/internal/data/kafka/consumer.go:132.52,134.4 1 1
github.com/erp-system/m-service/internal/data/kafka/consumer.go:135.3,135.115 1 1
github.com/erp-system/m-service/internal/data/kafka/consumer.go:135.115,137.69 2 1
github.com/erp-system/m-service/internal/data/kafka/consumer.go:137.69,139.19 2 1
github.com/erp-system/m-service/internal/data/kafka/consumer.go:139.19,141.6 1 0
github.com/erp-system/m-service/internal/data/kafka/consumer.go:143.4,143.14 1 1
github.com/erp-system/m-service/internal/data/kafka/consumer.go:146.37,148.52 2 1
github.com/erp-system/m-service/internal/data/kafka/consumer.go:148.52,150.4 1 1
github.com/erp-system/m-service/internal/data/kafka/consumer.go:151.3,151.115 1 1
github.com/erp-system/m-service/internal/data/kafka/consumer.go:151.115,153.28 2 1
github.com/erp-system/m-service/internal/data/kafka/consumer.go:153.28,155.19 2 1
github.com/erp-system/m-service/internal/data/kafka/consumer.go:155.19,157.6 1 0
github.com/erp-system/m-service/internal/data/kafka/consumer.go:159.4,159.14 1 1
github.com/erp-system/m-service/internal/data/kafka/consumer.go:163.2,163.12 1 1
github.com/erp-system/m-service/internal/data/kafka/consumer.go:166.39,168.2 1 1
