mode: set
github.com/erp-system/auth-service/internal/api/handlers/identity_handler.go:21.81,28.2 1 1
github.com/erp-system/auth-service/internal/api/handlers/identity_handler.go:40.52,42.47 2 1
github.com/erp-system/auth-service/internal/api/handlers/identity_handler.go:42.47,45.3 2 1
github.com/erp-system/auth-service/internal/api/handlers/identity_handler.go:47.2,56.16 3 1
github.com/erp-system/auth-service/internal/api/handlers/identity_handler.go:56.16,59.3 2 1
github.com/erp-system/auth-service/internal/api/handlers/identity_handler.go:61.2,61.37 1 1
github.com/erp-system/auth-service/internal/api/handlers/identity_handler.go:69.49,71.47 2 1
github.com/erp-system/auth-service/internal/api/handlers/identity_handler.go:71.47,74.3 2 1
github.com/erp-system/auth-service/internal/api/handlers/identity_handler.go:76.2,80.16 4 1
github.com/erp-system/auth-service/internal/api/handlers/identity_handler.go:80.16,83.3 2 1
github.com/erp-system/auth-service/internal/api/handlers/identity_handler.go:85.2,89.4 1 1
github.com/erp-system/auth-service/internal/api/handlers/identity_handler.go:96.51,98.47 2 1
github.com/erp-system/auth-service/internal/api/handlers/identity_handler.go:98.47,101.3 2 1
github.com/erp-system/auth-service/internal/api/handlers/identity_handler.go:103.2,104.16 2 1
github.com/erp-system/auth-service/internal/api/handlers/identity_handler.go:104.16,107.3 2 1
github.com/erp-system/auth-service/internal/api/handlers/identity_handler.go:109.2,113.4 1 1
github.com/erp-system/auth-service/internal/api/handlers/identity_handler.go:120.50,122.47 2 1
github.com/erp-system/auth-service/internal/api/handlers/identity_handler.go:122.47,125.3 2 1
github.com/erp-system/auth-service/internal/api/handlers/identity_handler.go:127.2,128.16 2 1
github.com/erp-system/auth-service/internal/api/handlers/identity_handler.go:128.16,131.3 2 1
github.com/erp-system/auth-service/internal/api/handlers/identity_handler.go:133.2,134.16 2 1
github.com/erp-system/auth-service/internal/api/handlers/identity_handler.go:134.16,137.3 2 0
github.com/erp-system/auth-service/internal/api/handlers/identity_handler.go:139.2,139.68 1 1
github.com/erp-system/auth-service/internal/api/handlers/identity_handler.go:146.55,149.47 3 1
github.com/erp-system/auth-service/internal/api/handlers/identity_handler.go:149.47,152.3 2 1
github.com/erp-system/auth-service/internal/api/handlers/identity_handler.go:154.2,155.16 2 1
github.com/erp-system/auth-service/internal/api/handlers/identity_handler.go:155.16,158.3 2 1
github.com/erp-system/auth-service/internal/api/handlers/identity_handler.go:160.2,160.80 1 1
github.com/erp-system/auth-service/internal/api/handlers/identity_handler.go:167.62,170.47 3 1
github.com/erp-system/auth-service/internal/api/handlers/identity_handler.go:170.47,173.3 2 1
github.com/erp-system/auth-service/internal/api/handlers/identity_handler.go:175.2,176.16 2 1
github.com/erp-system/auth-service/internal/api/handlers/identity_handler.go:176.16,179.3 2 1
github.com/erp-system/auth-service/internal/api/handlers/identity_handler.go:181.2,181.46 1 1
github.com/erp-system/auth-service/internal/api/handlers/identity_handler.go:191.54,194.47 3 1
github.com/erp-system/auth-service/internal/api/handlers/identity_handler.go:194.47,197.3 2 1
github.com/erp-system/auth-service/internal/api/handlers/identity_handler.go:199.2,200.16 2 1
github.com/erp-system/auth-service/internal/api/handlers/identity_handler.go:200.16,203.3 2 1
github.com/erp-system/auth-service/internal/api/handlers/identity_handler.go:205.2,205.32 1 1
github.com/erp-system/auth-service/internal/api/handlers/identity_handler.go:208.54,211.16 3 1
github.com/erp-system/auth-service/internal/api/handlers/identity_handler.go:211.16,214.3 2 1
github.com/erp-system/auth-service/internal/api/handlers/identity_handler.go:216.2,216.74 1 1
github.com/erp-system/auth-service/internal/api/handlers/rbac_handler.go:16.92,21.2 1 1
github.com/erp-system/auth-service/internal/api/handlers/rbac_handler.go:23.48,25.16 2 1
github.com/erp-system/auth-service/internal/api/handlers/rbac_handler.go:25.16,28.3 2 1
github.com/erp-system/auth-service/internal/api/handlers/rbac_handler.go:29.2,29.45 1 1
github.com/erp-system/auth-service/internal/api/handlers/rbac_handler.go:32.50,38.47 2 1
github.com/erp-system/auth-service/internal/api/handlers/rbac_handler.go:38.47,41.3 2 1
github.com/erp-system/auth-service/internal/api/handlers/rbac_handler.go:43.2,44.16 2 1
github.com/erp-system/auth-service/internal/api/handlers/rbac_handler.go:44.16,47.3 2 1
github.com/erp-system/auth-service/internal/api/handlers/rbac_handler.go:49.2,49.34 1 1
github.com/erp-system/auth-service/internal/api/handlers/rbac_handler.go:52.50,55.16 3 1
github.com/erp-system/auth-service/internal/api/handlers/rbac_handler.go:55.16,58.3 2 1
github.com/erp-system/auth-service/internal/api/handlers/rbac_handler.go:59.2,59.35 1 1
github.com/erp-system/auth-service/internal/api/handlers/rbac_handler.go:62.54,64.16 2 1
github.com/erp-system/auth-service/internal/api/handlers/rbac_handler.go:64.16,67.3 2 1
github.com/erp-system/auth-service/internal/api/handlers/rbac_handler.go:68.2,68.45 1 1
github.com/erp-system/auth-service/internal/api/handlers/rbac_handler.go:71.56,77.47 2 1
github.com/erp-system/auth-service/internal/api/handlers/rbac_handler.go:77.47,80.3 2 1
github.com/erp-system/auth-service/internal/api/handlers/rbac_handler.go:82.2,83.16 2 1
github.com/erp-system/auth-service/internal/api/handlers/rbac_handler.go:83.16,86.3 2 1
github.com/erp-system/auth-service/internal/api/handlers/rbac_handler.go:88.2,88.34 1 1
github.com/erp-system/auth-service/internal/api/handlers/rbac_handler.go:91.56,94.16 3 1
github.com/erp-system/auth-service/internal/api/handlers/rbac_handler.go:94.16,97.3 2 1
github.com/erp-system/auth-service/internal/api/handlers/rbac_handler.go:98.2,98.35 1 1
github.com/erp-system/auth-service/internal/api/handlers/rbac_handler.go:101.58,104.16 3 1
github.com/erp-system/auth-service/internal/api/handlers/rbac_handler.go:104.16,107.3 2 1
github.com/erp-system/auth-service/internal/api/handlers/rbac_handler.go:108.2,108.45 1 1
github.com/erp-system/auth-service/internal/api/handlers/rbac_handler.go:111.62,117.47 3 1
github.com/erp-system/auth-service/internal/api/handlers/rbac_handler.go:117.47,120.3 2 1
github.com/erp-system/auth-service/internal/api/handlers/rbac_handler.go:122.2,123.16 2 1
github.com/erp-system/auth-service/internal/api/handlers/rbac_handler.go:123.16,126.3 2 1
github.com/erp-system/auth-service/internal/api/handlers/rbac_handler.go:128.2,128.85 1 1
github.com/erp-system/auth-service/internal/api/handlers/rbac_handler.go:131.64,136.16 4 1
github.com/erp-system/auth-service/internal/api/handlers/rbac_handler.go:136.16,139.3 2 1
github.com/erp-system/auth-service/internal/api/handlers/rbac_handler.go:141.2,141.35 1 1
