mode: set
github.com/erp-system/pm-service/internal/api/handlers/prj_handler.go:29.15,38.2 1 1
github.com/erp-system/pm-service/internal/api/handlers/prj_handler.go:40.45,41.55 1 1
github.com/erp-system/pm-service/internal/api/handlers/prj_handler.go:41.55,43.3 1 1
github.com/erp-system/pm-service/internal/api/handlers/prj_handler.go:44.2,44.36 1 1
github.com/erp-system/pm-service/internal/api/handlers/prj_handler.go:51.56,61.47 2 1
github.com/erp-system/pm-service/internal/api/handlers/prj_handler.go:61.47,64.3 2 1
github.com/erp-system/pm-service/internal/api/handlers/prj_handler.go:66.2,67.16 2 1
github.com/erp-system/pm-service/internal/api/handlers/prj_handler.go:67.16,70.3 2 1
github.com/erp-system/pm-service/internal/api/handlers/prj_handler.go:72.2,81.16 2 1
github.com/erp-system/pm-service/internal/api/handlers/prj_handler.go:81.16,84.3 2 1
github.com/erp-system/pm-service/internal/api/handlers/prj_handler.go:86.2,86.34 1 1
github.com/erp-system/pm-service/internal/api/handlers/prj_handler.go:89.62,95.47 3 1
github.com/erp-system/pm-service/internal/api/handlers/prj_handler.go:95.47,98.3 2 1
github.com/erp-system/pm-service/internal/api/handlers/prj_handler.go:100.2,105.16 2 1
github.com/erp-system/pm-service/internal/api/handlers/prj_handler.go:105.16,108.3 2 1
github.com/erp-system/pm-service/internal/api/handlers/prj_handler.go:110.2,110.29 1 1
github.com/erp-system/pm-service/internal/api/handlers/prj_handler.go:113.51,115.16 2 1
github.com/erp-system/pm-service/internal/api/handlers/prj_handler.go:115.16,118.3 2 1
github.com/erp-system/pm-service/internal/api/handlers/prj_handler.go:119.2,119.29 1 1
github.com/erp-system/pm-service/internal/api/handlers/prj_handler.go:122.49,125.16 3 1
github.com/erp-system/pm-service/internal/api/handlers/prj_handler.go:125.16,128.3 2 1
github.com/erp-system/pm-service/internal/api/handlers/prj_handler.go:129.2,129.29 1 1
github.com/erp-system/pm-service/internal/api/handlers/prj_handler.go:136.52,146.47 3 1
github.com/erp-system/pm-service/internal/api/handlers/prj_handler.go:146.47,149.3 2 1
github.com/erp-system/pm-service/internal/api/handlers/prj_handler.go:151.2,160.16 2 1
github.com/erp-system/pm-service/internal/api/handlers/prj_handler.go:160.16,163.3 2 1
github.com/erp-system/pm-service/internal/api/handlers/prj_handler.go:165.2,165.34 1 1
github.com/erp-system/pm-service/internal/api/handlers/prj_handler.go:168.60,174.47 3 1
github.com/erp-system/pm-service/internal/api/handlers/prj_handler.go:174.47,177.3 2 1
github.com/erp-system/pm-service/internal/api/handlers/prj_handler.go:179.2,184.16 2 1
github.com/erp-system/pm-service/internal/api/handlers/prj_handler.go:184.16,187.3 2 1
github.com/erp-system/pm-service/internal/api/handlers/prj_handler.go:189.2,189.29 1 1
github.com/erp-system/pm-service/internal/api/handlers/prj_handler.go:192.55,195.16 3 1
github.com/erp-system/pm-service/internal/api/handlers/prj_handler.go:195.16,198.3 2 1
github.com/erp-system/pm-service/internal/api/handlers/prj_handler.go:199.2,199.29 1 1
github.com/erp-system/pm-service/internal/api/handlers/prj_handler.go:206.62,220.47 2 1
github.com/erp-system/pm-service/internal/api/handlers/prj_handler.go:220.47,223.3 2 1
github.com/erp-system/pm-service/internal/api/handlers/prj_handler.go:225.2,226.29 2 1
github.com/erp-system/pm-service/internal/api/handlers/prj_handler.go:226.29,228.17 2 1
github.com/erp-system/pm-service/internal/api/handlers/prj_handler.go:228.17,231.4 2 1
github.com/erp-system/pm-service/internal/api/handlers/prj_handler.go:232.3,239.5 1 1
github.com/erp-system/pm-service/internal/api/handlers/prj_handler.go:242.2,248.16 2 1
github.com/erp-system/pm-service/internal/api/handlers/prj_handler.go:248.16,251.3 2 1
github.com/erp-system/pm-service/internal/api/handlers/prj_handler.go:253.2,253.74 1 1
github.com/erp-system/pm-service/internal/api/handlers/prj_handler.go:256.63,262.47 2 1
github.com/erp-system/pm-service/internal/api/handlers/prj_handler.go:262.47,265.3 2 1
github.com/erp-system/pm-service/internal/api/handlers/prj_handler.go:267.2,272.16 2 1
github.com/erp-system/pm-service/internal/api/handlers/prj_handler.go:272.16,275.3 2 1
github.com/erp-system/pm-service/internal/api/handlers/prj_handler.go:277.2,277.76 1 1
